{"/Users/serenaroderick/Desktop/hw1-handout/src/Ship.ts": {"path":"/Users/serenaroderick/Desktop/hw1-handout/src/Ship.ts","statementMap":{"0":{"start":{"line":12,"column":2},"end":{"line":12,"column":13}},"1":{"start":{"line":21,"column":4},"end":{"line":21,"column":21}},"2":{"start":{"line":22,"column":4},"end":{"line":22,"column":31}},"3":{"start":{"line":23,"column":4},"end":{"line":23,"column":30}},"4":{"start":{"line":28,"column":4},"end":{"line":28,"column":21}},"5":{"start":{"line":33,"column":4},"end":{"line":33,"column":26}},"6":{"start":{"line":38,"column":4},"end":{"line":38,"column":23}},"7":{"start":{"line":43,"column":4},"end":{"line":43,"column":38}},"8":{"start":{"line":48,"column":21},"end":{"line":48,"column":25}},"9":{"start":{"line":50,"column":21},"end":{"line":50,"column":22}},"10":{"start":{"line":51,"column":4},"end":{"line":56,"column":7}},"11":{"start":{"line":52,"column":29},"end":{"line":52,"column":40}},"12":{"start":{"line":53,"column":6},"end":{"line":55,"column":null}},"13":{"start":{"line":54,"column":8},"end":{"line":54,"column":24}},"14":{"start":{"line":57,"column":4},"end":{"line":57,"column":22}},"15":{"start":{"line":62,"column":21},"end":{"line":62,"column":25}},"16":{"start":{"line":63,"column":38},"end":{"line":63,"column":40}},"17":{"start":{"line":65,"column":4},"end":{"line":70,"column":7}},"18":{"start":{"line":66,"column":29},"end":{"line":66,"column":40}},"19":{"start":{"line":67,"column":6},"end":{"line":69,"column":null}},"20":{"start":{"line":68,"column":8},"end":{"line":68,"column":24}},"21":{"start":{"line":72,"column":4},"end":{"line":72,"column":24}},"22":{"start":{"line":77,"column":36},"end":{"line":77,"column":55}},"23":{"start":{"line":78,"column":4},"end":{"line":78,"column":24}},"24":{"start":{"line":79,"column":4},"end":{"line":81,"column":7}},"25":{"start":{"line":80,"column":6},"end":{"line":80,"column":23}},"26":{"start":{"line":87,"column":26},"end":{"line":87,"column":48}},"27":{"start":{"line":88,"column":38},"end":{"line":88,"column":40}},"28":{"start":{"line":89,"column":4},"end":{"line":89,"column":25}},"29":{"start":{"line":92,"column":28},"end":{"line":92,"column":47}},"30":{"start":{"line":93,"column":4},"end":{"line":104,"column":null}},"31":{"start":{"line":94,"column":16},"end":{"line":94,"column":23}},"32":{"start":{"line":95,"column":6},"end":{"line":103,"column":null}},"33":{"start":{"line":96,"column":8},"end":{"line":96,"column":44}},"34":{"start":{"line":97,"column":8},"end":{"line":102,"column":null}},"35":{"start":{"line":98,"column":34},"end":{"line":98,"column":50}},"36":{"start":{"line":99,"column":10},"end":{"line":101,"column":13}},"37":{"start":{"line":100,"column":12},"end":{"line":100,"column":23}},"38":{"start":{"line":105,"column":19},"end":{"line":105,"column":37}},"39":{"start":{"line":106,"column":4},"end":{"line":106,"column":44}},"40":{"start":{"line":3,"column":0},"end":{"line":3,"column":21}}},"fnMap":{"0":{"name":"(anonymous_0)","decl":{"start":{"line":20,"column":2},"end":{"line":20,"column":14}},"loc":{"start":{"line":20,"column":59},"end":{"line":24,"column":3}}},"1":{"name":"(anonymous_1)","decl":{"start":{"line":27,"column":9},"end":{"line":27,"column":16}},"loc":{"start":{"line":27,"column":16},"end":{"line":29,"column":3}}},"2":{"name":"(anonymous_2)","decl":{"start":{"line":32,"column":9},"end":{"line":32,"column":21}},"loc":{"start":{"line":32,"column":21},"end":{"line":34,"column":3}}},"3":{"name":"(anonymous_3)","decl":{"start":{"line":37,"column":9},"end":{"line":37,"column":24}},"loc":{"start":{"line":37,"column":24},"end":{"line":39,"column":3}}},"4":{"name":"(anonymous_4)","decl":{"start":{"line":42,"column":9},"end":{"line":42,"column":18}},"loc":{"start":{"line":42,"column":18},"end":{"line":44,"column":3}}},"5":{"name":"(anonymous_5)","decl":{"start":{"line":47,"column":9},"end":{"line":47,"column":20}},"loc":{"start":{"line":47,"column":20},"end":{"line":58,"column":3}}},"6":{"name":"(anonymous_6)","decl":{"start":{"line":51,"column":17},"end":{"line":51,"column":18}},"loc":{"start":{"line":51,"column":23},"end":{"line":56,"column":5}}},"7":{"name":"(anonymous_7)","decl":{"start":{"line":61,"column":9},"end":{"line":61,"column":21}},"loc":{"start":{"line":61,"column":21},"end":{"line":73,"column":3}}},"8":{"name":"(anonymous_8)","decl":{"start":{"line":65,"column":17},"end":{"line":65,"column":18}},"loc":{"start":{"line":65,"column":23},"end":{"line":70,"column":5}}},"9":{"name":"(anonymous_9)","decl":{"start":{"line":76,"column":9},"end":{"line":76,"column":25}},"loc":{"start":{"line":76,"column":25},"end":{"line":82,"column":3}}},"10":{"name":"(anonymous_10)","decl":{"start":{"line":79,"column":22},"end":{"line":79,"column":23}},"loc":{"start":{"line":79,"column":28},"end":{"line":81,"column":5}}},"11":{"name":"(anonymous_11)","decl":{"start":{"line":86,"column":9},"end":{"line":86,"column":27}},"loc":{"start":{"line":86,"column":27},"end":{"line":107,"column":3}}},"12":{"name":"(anonymous_12)","decl":{"start":{"line":99,"column":20},"end":{"line":99,"column":21}},"loc":{"start":{"line":99,"column":27},"end":{"line":101,"column":11}}}},"branchMap":{"0":{"loc":{"start":{"line":53,"column":6},"end":{"line":55,"column":null}},"type":"if","locations":[{"start":{"line":53,"column":6},"end":{"line":55,"column":null}}]},"1":{"loc":{"start":{"line":67,"column":6},"end":{"line":69,"column":null}},"type":"if","locations":[{"start":{"line":67,"column":6},"end":{"line":69,"column":null}}]},"2":{"loc":{"start":{"line":95,"column":6},"end":{"line":103,"column":null}},"type":"if","locations":[{"start":{"line":95,"column":6},"end":{"line":103,"column":null}}]},"3":{"loc":{"start":{"line":97,"column":8},"end":{"line":102,"column":null}},"type":"if","locations":[{"start":{"line":97,"column":8},"end":{"line":102,"column":null}}]}},"s":{"0":5,"1":5,"2":5,"3":5,"4":1,"5":12,"6":7,"7":0,"8":1,"9":1,"10":1,"11":0,"12":0,"13":0,"14":1,"15":0,"16":0,"17":0,"18":0,"19":0,"20":0,"21":0,"22":0,"23":0,"24":0,"25":0,"26":1,"27":1,"28":1,"29":1,"30":1,"31":5,"32":5,"33":5,"34":5,"35":5,"36":5,"37":2,"38":1,"39":1,"40":1},"f":{"0":5,"1":1,"2":12,"3":7,"4":0,"5":1,"6":0,"7":0,"8":0,"9":0,"10":0,"11":1,"12":2},"b":{"0":[0],"1":[0],"2":[5],"3":[5]}}
,"/Users/serenaroderick/Desktop/hw1-handout/src/Venusian.ts": {"path":"/Users/serenaroderick/Desktop/hw1-handout/src/Venusian.ts","statementMap":{"0":{"start":{"line":6,"column":2},"end":{"line":6,"column":13}},"1":{"start":{"line":14,"column":4},"end":{"line":14,"column":21}},"2":{"start":{"line":15,"column":4},"end":{"line":15,"column":21}},"3":{"start":{"line":16,"column":4},"end":{"line":16,"column":27}},"4":{"start":{"line":21,"column":4},"end":{"line":21,"column":21}},"5":{"start":{"line":26,"column":4},"end":{"line":26,"column":20}},"6":{"start":{"line":1,"column":0},"end":{"line":1,"column":21}}},"fnMap":{"0":{"name":"(anonymous_0)","decl":{"start":{"line":13,"column":2},"end":{"line":13,"column":14}},"loc":{"start":{"line":13,"column":26},"end":{"line":17,"column":3}}},"1":{"name":"(anonymous_1)","decl":{"start":{"line":20,"column":9},"end":{"line":20,"column":16}},"loc":{"start":{"line":20,"column":16},"end":{"line":22,"column":3}}},"2":{"name":"(anonymous_2)","decl":{"start":{"line":25,"column":9},"end":{"line":25,"column":15}},"loc":{"start":{"line":25,"column":15},"end":{"line":27,"column":3}}}},"branchMap":{},"s":{"0":4,"1":4,"2":4,"3":4,"4":1,"5":1,"6":1},"f":{"0":4,"1":1,"2":1},"b":{}}
}
