TN:
SF:src/Ship.ts
FN:20,(anonymous_0)
FN:27,(anonymous_1)
FN:32,(anonymous_2)
FN:37,(anonymous_3)
FN:42,(anonymous_4)
FN:47,(anonymous_5)
FN:51,(anonymous_6)
FN:61,(anonymous_7)
FN:65,(anonymous_8)
FN:76,(anonymous_9)
FN:79,(anonymous_10)
FN:86,(anonymous_11)
FN:99,(anonymous_12)
FNF:13
FNH:7
FNDA:5,(anonymous_0)
FNDA:1,(anonymous_1)
FNDA:12,(anonymous_2)
FNDA:7,(anonymous_3)
FNDA:0,(anonymous_4)
FNDA:1,(anonymous_5)
FNDA:0,(anonymous_6)
FNDA:0,(anonymous_7)
FNDA:0,(anonymous_8)
FNDA:0,(anonymous_9)
FNDA:0,(anonymous_10)
FNDA:1,(anonymous_11)
FNDA:2,(anonymous_12)
DA:3,1
DA:12,5
DA:21,5
DA:22,5
DA:23,5
DA:28,1
DA:33,12
DA:38,7
DA:43,0
DA:48,1
DA:50,1
DA:51,1
DA:52,0
DA:53,0
DA:54,0
DA:57,1
DA:62,0
DA:63,0
DA:65,0
DA:66,0
DA:67,0
DA:68,0
DA:72,0
DA:77,0
DA:78,0
DA:79,0
DA:80,0
DA:87,1
DA:88,1
DA:89,1
DA:92,1
DA:93,1
DA:94,5
DA:95,5
DA:96,5
DA:97,5
DA:98,5
DA:99,5
DA:100,2
DA:105,1
DA:106,1
LF:41
LH:26
BRDA:53,0,0,0
BRDA:67,1,0,0
BRDA:95,2,0,5
BRDA:97,3,0,5
BRF:4
BRH:2
end_of_record
TN:
SF:src/Venusian.ts
FN:13,(anonymous_0)
FN:20,(anonymous_1)
FN:25,(anonymous_2)
FNF:3
FNH:3
FNDA:4,(anonymous_0)
FNDA:1,(anonymous_1)
FNDA:1,(anonymous_2)
DA:1,1
DA:6,4
DA:14,4
DA:15,4
DA:16,4
DA:21,1
DA:26,1
LF:7
LH:7
BRF:0
BRH:0
end_of_record
